<?xml version="1.0" encoding="UTF-8"?>
<!-- Generated by org.testng.reporters.JUnitReportReporter -->
<testsuite hostname="LAPTOP-DCURIC1N" name="org.testng.TestNGExtent.ExtentReport" tests="1" failures="0" timestamp="2 Oct 2018 04:25:40 GMT" time="0.481" errors="0">
  <testcase name="loginTest" time="0.481" classname="org.testng.TestNGExtent.ExtentReport"/>
</testsuite> <!-- org.testng.TestNGExtent.ExtentReport -->
